c:\users\administrator\desktop\growplus\growplus-source\x64\release\vc143.pdb
c:\users\administrator\desktop\growplus\growplus-source\x64\release\main.obj
c:\users\administrator\desktop\growplus\growplus-source\x64\release\utils.obj
c:\users\administrator\desktop\growplus\growplus-source\x64\release\growserver.obj
c:\users\administrator\desktop\growplus\growplus-source\x64\release\roleplayer.obj
c:\users\administrator\desktop\growplus\growplus-source\x64\release\itemsencoder.obj
c:\users\administrator\desktop\growplus\growplus-source\x64\release\servercontroller.obj
c:\users\administrator\desktop\growplus\growplus-core\x64\release\libcrypto-3-x64.dll
c:\users\administrator\desktop\growplus\growplus-core\x64\release\growplus-source.exe
c:\users\administrator\desktop\growplus\growplus-core\x64\release\growplus-source.pdb
c:\users\administrator\desktop\growplus\growplus-source\x64\release\growplus-source.ipdb
c:\users\administrator\desktop\growplus\growplus-source\x64\release\growplus-source.iobj
c:\users\administrator\desktop\growplus\growplus-source\x64\release\growplus-source.tlog\cl.command.1.tlog
c:\users\administrator\desktop\growplus\growplus-source\x64\release\growplus-source.tlog\cl.items.tlog
c:\users\administrator\desktop\growplus\growplus-source\x64\release\growplus-source.tlog\cl.read.1.tlog
c:\users\administrator\desktop\growplus\growplus-source\x64\release\growplus-source.tlog\cl.write.1.tlog
c:\users\administrator\desktop\growplus\growplus-source\x64\release\growplus-source.tlog\growplus-source.write.1u.tlog
c:\users\administrator\desktop\growplus\growplus-source\x64\release\growplus-source.tlog\link.command.1.tlog
c:\users\administrator\desktop\growplus\growplus-source\x64\release\growplus-source.tlog\link.read.1.tlog
c:\users\administrator\desktop\growplus\growplus-source\x64\release\growplus-source.tlog\link.secondary.1.tlog
c:\users\administrator\desktop\growplus\growplus-source\x64\release\growplus-source.tlog\link.write.1.tlog
